Using pre-set license
Built from '2020.3/release' branch; Version is '2020.3.2f1 (8fd9074bf66c) revision 9427207'; Using compiler version '192528614'; Build Type 'Release'
OS: 'Windows 10 Pro; OS build 19042.928; Version 2009; 64bit' Language: 'en' Physical Memory: 12195 MB
BatchMode: 1, IsHumanControllingUs: 0, StartBugReporterOnCrash: 0, Is64bit: 1, IsPro: 0

 COMMAND LINE ARGUMENTS:
C:\Program Files\Unity\Hub\Editor\2020.3.2f1\Editor\Unity.exe
-adb2
-batchMode
-noUpm
-name
AssetImportWorker0
-projectPath
C:/Users/madab/OneDrive/Desktop/LABs/PROIECT IP/aici e codul/Unity/left-side
-logFile
Logs/AssetImportWorker0.log
-srvPort
60295
Successfully changed project path to: C:/Users/madab/OneDrive/Desktop/LABs/PROIECT IP/aici e codul/Unity/left-side
C:/Users/madab/OneDrive/Desktop/LABs/PROIECT IP/aici e codul/Unity/left-side
Using Asset Import Pipeline V2.
