Using pre-set license
Built from '2020.3/release' branch; Version is '2020.3.2f1 (8fd9074bf66c) revision 9427207'; Using compiler version '192528614'; Build Type 'Release'
OS: 'Windows 10 Pro; OS build 18363.1440; Version 1909; 64bit' Language: 'en' Physical Memory: 12195 MB
BatchMode: 1, IsHumanControllingUs: 0, StartBugReporterOnCrash: 0, Is64bit: 1, IsPro: 0

 COMMAND LINE ARGUMENTS:
C:\Program Files\Unity\Hub\Editor\2020.3.2f1\Editor\Unity.exe
-adb2
-batchMode
-noUpm
-name
AssetImportWorker0
-projectPath
C:/Users/madab/OneDrive/Desktop/LABs/PROIECT IP/left-side
-logFile
Logs/AssetImportWorker0.log
-srvPort
53709
Successfully changed project path to: C:/Users/madab/OneDrive/Desktop/LABs/PROIECT IP/left-side
C:/Users/madab/OneDrive/Desktop/LABs/PROIECT IP/left-side
Using Asset Import Pipeline V2.
Refreshing native plugins compatible for Editor in 106.59 ms, found 1 plugins.
Preloading 0 native plugins for Editor in 0.00 ms.
Initialize engine version: 2020.3.2f1 (8fd9074bf66c)
[Subsystems] Discovering subsystems at path C:/Program Files/Unity/Hub/Editor/2020.3.2f1/Editor/Data/Resources/UnitySubsystems
[Subsystems] Discovering subsystems at path C:/Users/madab/OneDrive/Desktop/LABs/PROIECT IP/left-side/Assets
GfxDevice: creating device client; threaded=0
Direct3D:
    Version:  Direct3D 11.0 [level 11.0]
    Renderer: NVIDIA GeForce 840M (ID=0x1341)
    Vendor:   
    VRAM:     2010 MB
    Driver:   27.21.14.6172
Initialize mono
Mono path[0] = 'C:/Program Files/Unity/Hub/Editor/2020.3.2f1/Editor/Data/Managed'
Mono path[1] = 'C:/Program Files/Unity/Hub/Editor/2020.3.2f1/Editor/Data/MonoBleedingEdge/lib/mono/unityjit'
Mono config path = 'C:/Program Files/Unity/Hub/Editor/2020.3.2f1/Editor/Data/MonoBleedingEdge/etc'
Using monoOptions --debugger-agent=transport=dt_socket,embedding=1,server=y,suspend=n,address=127.0.0.1:56012
Begin MonoManager ReloadAssembly
Registering precompiled unity dll's ...
Register platform support module: C:/Program Files/Unity/Hub/Editor/2020.3.2f1/Editor/Data/PlaybackEngines/WindowsStandaloneSupport/UnityEditor.WindowsStandalone.Extensions.dll
Registered in 0.007130 seconds.
Native extension for WindowsStandalone target not found
Refreshing native plugins compatible for Editor in 131.18 ms, found 1 plugins.
Preloading 0 native plugins for Editor in 0.00 ms.
Invoked RoslynAnalysisRunner static constructor.
RoslynAnalysisRunner will not be running.
RoslynAnalysisRunner has terminated.
Mono: successfully reloaded assembly
- Completed reload, in  3.454 seconds
Platform modules already initialized, skipping
Registering precompiled user dll's ...
Registered in 0.003322 seconds.
Begin MonoManager ReloadAssembly
Native extension for WindowsStandalone target not found
Refreshing native plugins compatible for Editor in 71.21 ms, found 1 plugins.
Preloading 0 native plugins for Editor in 0.00 ms.
Invoked RoslynAnalysisRunner static constructor.
RoslynAnalysisRunner will not be running.
RoslynAnalysisRunner has terminated.
Mono: successfully reloaded assembly
- Completed reload, in  2.439 seconds
Platform modules already initialized, skipping
========================================================================
Worker process is ready to serve import requests
Launched and connected shader compiler UnityShaderCompiler.exe after 0.16 seconds
Refreshing native plugins compatible for Editor in 0.74 ms, found 1 plugins.
Preloading 0 native plugins for Editor in 0.00 ms.
Unloading 1810 Unused Serialized files (Serialized files now loaded: 0)
System memory in use before: 85.3 MB.
System memory in use after: 85.2 MB.

Unloading 24 unused Assets to reduce memory usage. Loaded Objects now: 2254.
Total: 4.852300 ms (FindLiveObjects: 0.362200 ms CreateObjectMapping: 0.163500 ms MarkObjects: 4.051900 ms  DeleteObjects: 0.271900 ms)

========================================================================
Received Import Request.
  path: Assets/background.png
  artifactKey: Guid(b451f77488e145a4690332a14d4211c5) Importer(815301076,1909f56bfc062723c751e8b465ee728b)
Start importing Assets/background.png using Guid(b451f77488e145a4690332a14d4211c5) Importer(815301076,1909f56bfc062723c751e8b465ee728b)  -> (artifact id: '4d28149d09fe6eaf993235b36a080f11') in 0.615241 seconds
  Import took 0.624096 seconds .

========================================================================
Received Import Request.
  Time since last request: 0.000682 seconds.
  path: Assets/signupTitle.png
  artifactKey: Guid(b2fa779967353b54fa0ff149a7537f1b) Importer(815301076,1909f56bfc062723c751e8b465ee728b)
Start importing Assets/signupTitle.png using Guid(b2fa779967353b54fa0ff149a7537f1b) Importer(815301076,1909f56bfc062723c751e8b465ee728b)  -> (artifact id: 'bcaf3a609b230450bd06ae3f33bdfa5a') in 0.034969 seconds
  Import took 0.043595 seconds .

========================================================================
Received Import Request.
  Time since last request: 0.000530 seconds.
  path: Assets/loginTitle.png
  artifactKey: Guid(39c4e23f2ca2de842a9e712a3bc72677) Importer(815301076,1909f56bfc062723c751e8b465ee728b)
Start importing Assets/loginTitle.png using Guid(39c4e23f2ca2de842a9e712a3bc72677) Importer(815301076,1909f56bfc062723c751e8b465ee728b)  -> (artifact id: 'ba08b44b5f6ccfe69d69b991707124a9') in 0.057416 seconds
  Import took 0.065929 seconds .

========================================================================
Received Import Request.
  Time since last request: 311.019892 seconds.
  path: Assets/Scenes/login.unity
  artifactKey: Guid(2cda990e2423bbf4892e6590ba056729) Importer(815301076,1909f56bfc062723c751e8b465ee728b)
Start importing Assets/Scenes/login.unity using Guid(2cda990e2423bbf4892e6590ba056729) Importer(815301076,1909f56bfc062723c751e8b465ee728b)  -> (artifact id: '2907d4d3f3829863dd25c2089fca1556') in 0.006886 seconds
  Import took 0.014489 seconds .

========================================================================
Received Import Request.
  Time since last request: 279.752289 seconds.
  path: Assets/loginTitle 1.png
  artifactKey: Guid(e0030c4e99bbada4c80af1f07db92224) Importer(815301076,1909f56bfc062723c751e8b465ee728b)
Start importing Assets/loginTitle 1.png using Guid(e0030c4e99bbada4c80af1f07db92224) Importer(815301076,1909f56bfc062723c751e8b465ee728b)  -> (artifact id: 'de63f479bc53fe7ad32099d53b8d3817') in 0.036891 seconds
  Import took 0.085825 seconds .

========================================================================
Received Prepare
Registering precompiled user dll's ...
Registered in 0.003669 seconds.
Begin MonoManager ReloadAssembly
Native extension for WindowsStandalone target not found
Refreshing native plugins compatible for Editor in 0.49 ms, found 1 plugins.
Preloading 0 native plugins for Editor in 0.00 ms.
Invoked RoslynAnalysisRunner static constructor.
RoslynAnalysisRunner will not be running.
RoslynAnalysisRunner has terminated.
Mono: successfully reloaded assembly
- Completed reload, in  2.450 seconds
Platform modules already initialized, skipping
Refreshing native plugins compatible for Editor in 0.74 ms, found 1 plugins.
Preloading 0 native plugins for Editor in 0.00 ms.
Unloading 1804 Unused Serialized files (Serialized files now loaded: 0)
System memory in use before: 88.3 MB.
System memory in use after: 88.3 MB.

Unloading 13 unused Assets to reduce memory usage. Loaded Objects now: 2267.
Total: 4.942800 ms (FindLiveObjects: 0.357800 ms CreateObjectMapping: 0.137100 ms MarkObjects: 4.237300 ms  DeleteObjects: 0.208400 ms)

========================================================================
Received Prepare
Registering precompiled user dll's ...
Registered in 0.003010 seconds.
Begin MonoManager ReloadAssembly
Native extension for WindowsStandalone target not found
Refreshing native plugins compatible for Editor in 0.81 ms, found 1 plugins.
Preloading 0 native plugins for Editor in 0.00 ms.
Invoked RoslynAnalysisRunner static constructor.
RoslynAnalysisRunner will not be running.
RoslynAnalysisRunner has terminated.
Mono: successfully reloaded assembly
- Completed reload, in  2.061 seconds
Platform modules already initialized, skipping
Refreshing native plugins compatible for Editor in 0.47 ms, found 1 plugins.
Preloading 0 native plugins for Editor in 0.00 ms.
Unloading 1804 Unused Serialized files (Serialized files now loaded: 0)
System memory in use before: 88.3 MB.
System memory in use after: 88.3 MB.

Unloading 12 unused Assets to reduce memory usage. Loaded Objects now: 2271.
Total: 4.386300 ms (FindLiveObjects: 0.270400 ms CreateObjectMapping: 0.135200 ms MarkObjects: 3.766300 ms  DeleteObjects: 0.211700 ms)

========================================================================
Received Import Request.
  Time since last request: 150.175942 seconds.
  path: Assets/scripts/goScene.cs
  artifactKey: Guid(9971920cd69356549a09c1c8a036b667) Importer(815301076,1909f56bfc062723c751e8b465ee728b)
Start importing Assets/scripts/goScene.cs using Guid(9971920cd69356549a09c1c8a036b667) Importer(815301076,1909f56bfc062723c751e8b465ee728b)  -> (artifact id: '6af3d158832c7fe3183216658bdba9b1') in 0.111182 seconds
  Import took 0.165267 seconds .

========================================================================
Received Prepare
Registering precompiled user dll's ...
Registered in 0.002400 seconds.
Begin MonoManager ReloadAssembly
Native extension for WindowsStandalone target not found
Refreshing native plugins compatible for Editor in 0.74 ms, found 1 plugins.
Preloading 0 native plugins for Editor in 0.00 ms.
Invoked RoslynAnalysisRunner static constructor.
RoslynAnalysisRunner will not be running.
RoslynAnalysisRunner has terminated.
Mono: successfully reloaded assembly
- Completed reload, in  2.308 seconds
Platform modules already initialized, skipping
Refreshing native plugins compatible for Editor in 0.75 ms, found 1 plugins.
Preloading 0 native plugins for Editor in 0.00 ms.
Unloading 1804 Unused Serialized files (Serialized files now loaded: 0)
System memory in use before: 88.4 MB.
System memory in use after: 88.3 MB.

Unloading 12 unused Assets to reduce memory usage. Loaded Objects now: 2275.
Total: 25.705500 ms (FindLiveObjects: 1.201200 ms CreateObjectMapping: 0.185300 ms MarkObjects: 23.895900 ms  DeleteObjects: 0.405800 ms)

========================================================================
Received Prepare
Registering precompiled user dll's ...
Registered in 0.005677 seconds.
Begin MonoManager ReloadAssembly
Native extension for WindowsStandalone target not found
Refreshing native plugins compatible for Editor in 0.47 ms, found 1 plugins.
Preloading 0 native plugins for Editor in 0.00 ms.
Invoked RoslynAnalysisRunner static constructor.
RoslynAnalysisRunner will not be running.
RoslynAnalysisRunner has terminated.
Mono: successfully reloaded assembly
- Completed reload, in  3.169 seconds
Platform modules already initialized, skipping
Refreshing native plugins compatible for Editor in 0.85 ms, found 1 plugins.
Preloading 0 native plugins for Editor in 0.00 ms.
Unloading 1804 Unused Serialized files (Serialized files now loaded: 0)
System memory in use before: 88.4 MB.
System memory in use after: 88.3 MB.

Unloading 12 unused Assets to reduce memory usage. Loaded Objects now: 2279.
Total: 4.466000 ms (FindLiveObjects: 0.296800 ms CreateObjectMapping: 0.219400 ms MarkObjects: 3.789400 ms  DeleteObjects: 0.158300 ms)

========================================================================
Received Import Request.
  Time since last request: 241.873343 seconds.
  path: Assets/scripts/goScene.cs
  artifactKey: Guid(9971920cd69356549a09c1c8a036b667) Importer(815301076,1909f56bfc062723c751e8b465ee728b)
Start importing Assets/scripts/goScene.cs using Guid(9971920cd69356549a09c1c8a036b667) Importer(815301076,1909f56bfc062723c751e8b465ee728b)  -> (artifact id: 'dac4e7defe0918255d978a69c15fb5b9') in 0.012062 seconds
  Import took 0.066173 seconds .

========================================================================
Received Import Request.
  Time since last request: 21.423101 seconds.
  path: Assets/Scenes/signup.unity
  artifactKey: Guid(8c940b54f18646f42aa0e2f930df8672) Importer(815301076,1909f56bfc062723c751e8b465ee728b)
Start importing Assets/Scenes/signup.unity using Guid(8c940b54f18646f42aa0e2f930df8672) Importer(815301076,1909f56bfc062723c751e8b465ee728b)  -> (artifact id: 'da999d100f8e430816623cc8f6c6a5de') in 0.059499 seconds
  Import took 0.077170 seconds .

========================================================================
Received Import Request.
  Time since last request: 103.307958 seconds.
  path: Assets/Scenes/login.unity
  artifactKey: Guid(2cda990e2423bbf4892e6590ba056729) Importer(815301076,1909f56bfc062723c751e8b465ee728b)
Start importing Assets/Scenes/login.unity using Guid(2cda990e2423bbf4892e6590ba056729) Importer(815301076,1909f56bfc062723c751e8b465ee728b)  -> (artifact id: '161168f2b969959252a71f6010435021') in 0.017486 seconds
  Import took 0.038054 seconds .

========================================================================
Received Import Request.
  Time since last request: 4.237610 seconds.
  path: Assets/Scenes/signup.unity
  artifactKey: Guid(8c940b54f18646f42aa0e2f930df8672) Importer(815301076,1909f56bfc062723c751e8b465ee728b)
Start importing Assets/Scenes/signup.unity using Guid(8c940b54f18646f42aa0e2f930df8672) Importer(815301076,1909f56bfc062723c751e8b465ee728b)  -> (artifact id: '37dac6d0c359ed367c5dcdd6c878c13b') in 0.023289 seconds
  Import took 0.030600 seconds .

AssetImportWorkerClient::OnTransportError - code=2 error=End of file
